Arguments: 
  /usr/local/bin/node /usr/local/bin/yarn init 0y

PATH: 
  /Users/artur/.rvm/gems/ruby-2.7.1/bin:/Users/artur/.rvm/gems/ruby-2.7.1@global/bin:/Users/artur/.rvm/rubies/ruby-2.7.1/bin:/usr/local/bin:/usr/bin:/bin:/usr/sbin:/sbin:/usr/local/mysql/bin:/usr/local/mongodb/bin:~/.rvm/bin:/Library/TeX/texbin:/opt/X11/bin:/Library/Apple/usr/bin:/Users/artur/.rvm/gems/ruby-2.7.1/bin:/Users/artur/.rvm/gems/ruby-2.7.1@global/bin:/Users/artur/.rvm/rubies/ruby-2.7.1/bin:/Users/artur/.rvm/bin:/Users/artur/.rvm/bin

Yarn version: 
  1.22.4

Node version: 
  14.15.1

Platform: 
  darwin x64

Trace: 
  Error: canceled
      at Interface.<anonymous> (/usr/local/lib/node_modules/yarn/lib/cli.js:137008:13)
      at Interface.emit (events.js:315:20)
      at Interface._ttyWrite (readline.js:875:16)
      at ReadStream.onkeypress (readline.js:213:10)
      at ReadStream.emit (events.js:315:20)
      at emitKeys (internal/readline/utils.js:345:14)
      at emitKeys.next (<anonymous>)
      at ReadStream.onData (readline.js:1144:36)
      at ReadStream.emit (events.js:315:20)
      at addChunk (_stream_readable.js:309:12)

npm manifest: 
  No manifest

yarn manifest: 
  No manifest

Lockfile: 
  No lockfile
